2026-06-09 03:01:39  INFO      __main__  ============================================================
2026-06-09 03:01:39  INFO      __main__  Sentiment pipeline starting
2026-06-09 03:01:39  INFO      __main__  Database : /Users/adammikail/Downloads/finbert/data/sentiment_pipeline.db
2026-06-09 03:01:39  INFO      __main__  News job : every 4h
2026-06-09 03:01:39  INFO      __main__  Price job: every 1h (market hours only)
2026-06-09 03:01:39  INFO      __main__  ============================================================
2026-06-09 03:01:39  DEBUG     src.storage.db_manager  Schema initialised (tables + indices)
2026-06-09 03:01:39  INFO      src.storage.db_manager  DatabaseManager initialised at /Users/adammikail/Downloads/finbert/data/sentiment_pipeline.db
2026-06-09 03:01:39  DEBUG     tzlocal  /etc/localtime found
2026-06-09 03:01:39  DEBUG     tzlocal  1 found:
 {'/etc/localtime is a symlink to': 'Asia/Singapore'}
2026-06-09 03:01:39  INFO      apscheduler.scheduler  Adding job tentatively -- it will be properly scheduled when the scheduler starts
2026-06-09 03:01:39  INFO      apscheduler.scheduler  Adding job tentatively -- it will be properly scheduled when the scheduler starts
2026-06-09 03:01:39  INFO      __main__  Scheduler started. Press Ctrl+C to stop.
2026-06-09 03:01:39  INFO      apscheduler.scheduler  Added job "NewsAPI headline collector" to job store "default"
2026-06-09 03:01:39  INFO      apscheduler.scheduler  Added job "yfinance OHLCV collector" to job store "default"
2026-06-09 03:01:39  INFO      apscheduler.scheduler  Scheduler started
2026-06-09 03:01:39  DEBUG     apscheduler.scheduler  Looking for jobs to run
2026-06-09 03:01:39  INFO      apscheduler.executors.default  Running job "NewsAPI headline collector (trigger: interval[4:00:00], next run at: 2026-06-09 07:01:39 +08)" (scheduled at 2026-06-08 19:01:39.819806+00:00)
2026-06-09 03:01:39  DEBUG     apscheduler.scheduler  Next wakeup is due at 2026-06-08 20:01:39.819914+00:00 (in 3599.999522 seconds)
2026-06-09 03:01:39  INFO      apscheduler.executors.default  Running job "yfinance OHLCV collector (trigger: interval[1:00:00], next run at: 2026-06-09 04:01:39 +08)" (scheduled at 2026-06-08 19:01:39.819914+00:00)
2026-06-09 03:01:39  INFO      __main__  ── news_job starting (2026-06-08T19:01:39Z) ──
2026-06-09 03:01:39  INFO      __main__  ── price_job starting (2026-06-08T19:01:39Z) ──
2026-06-09 03:01:39  INFO      src.collectors.market_data  Fetching OHLCV for ['AAPL', 'TSLA', 'SPY'] from 2026-05-26 to 2026-06-10
2026-06-09 03:01:40  INFO      src.collectors.news_fetcher    AAPL: 8 headlines fetched
2026-06-09 03:04:24  INFO      __main__  ============================================================
2026-06-09 03:04:24  INFO      __main__  Sentiment pipeline starting
2026-06-09 03:04:24  INFO      __main__  Database : /Users/adammikail/Downloads/finbert/data/sentiment_pipeline.db
2026-06-09 03:04:24  INFO      __main__  News job : every 4h
2026-06-09 03:04:24  INFO      __main__  Price job: every 1h (market hours only)
2026-06-09 03:04:24  INFO      __main__  ============================================================
2026-06-09 03:04:24  DEBUG     src.storage.db_manager  Schema initialised (tables + indices)
2026-06-09 03:04:24  INFO      src.storage.db_manager  DatabaseManager initialised at /Users/adammikail/Downloads/finbert/data/sentiment_pipeline.db
2026-06-09 03:04:24  DEBUG     tzlocal  /etc/localtime found
2026-06-09 03:04:24  DEBUG     tzlocal  1 found:
 {'/etc/localtime is a symlink to': 'Asia/Singapore'}
2026-06-09 03:04:24  INFO      apscheduler.scheduler  Adding job tentatively -- it will be properly scheduled when the scheduler starts
2026-06-09 03:04:24  INFO      apscheduler.scheduler  Adding job tentatively -- it will be properly scheduled when the scheduler starts
2026-06-09 03:04:24  INFO      __main__  Scheduler started. Press Ctrl+C to stop.
2026-06-09 03:04:24  INFO      apscheduler.scheduler  Added job "NewsAPI headline collector" to job store "default"
2026-06-09 03:04:24  INFO      apscheduler.scheduler  Added job "yfinance OHLCV collector" to job store "default"
2026-06-09 03:04:24  INFO      apscheduler.scheduler  Scheduler started
2026-06-09 03:04:24  DEBUG     apscheduler.scheduler  Looking for jobs to run
2026-06-09 03:04:24  INFO      apscheduler.executors.default  Running job "NewsAPI headline collector (trigger: interval[4:00:00], next run at: 2026-06-09 07:04:24 +08)" (scheduled at 2026-06-08 19:04:24.559255+00:00)
2026-06-09 03:04:24  INFO      apscheduler.executors.default  Running job "yfinance OHLCV collector (trigger: interval[1:00:00], next run at: 2026-06-09 04:04:24 +08)" (scheduled at 2026-06-08 19:04:24.559337+00:00)
2026-06-09 03:04:24  DEBUG     apscheduler.scheduler  Next wakeup is due at 2026-06-08 20:04:24.559337+00:00 (in 3599.999581 seconds)
2026-06-09 03:04:24  INFO      __main__  ── price_job starting (2026-06-08T19:04:24Z) ──
2026-06-09 03:04:24  INFO      __main__  ── news_job starting (2026-06-08T19:04:24Z) ──
2026-06-09 03:04:24  INFO      src.collectors.market_data  Fetching OHLCV for ['AAPL', 'TSLA', 'SPY'] from 2026-05-26 to 2026-06-10
2026-06-09 03:04:24  WARNING   src.collectors.news_fetcher  NEWSAPI_KEY not set — skipping news fetch. Set it with: export NEWSAPI_KEY=your_key
2026-06-09 03:04:24  INFO      __main__  news_job done — 0 inserted, 0 skipped
2026-06-09 03:04:24  INFO      apscheduler.executors.default  Job "NewsAPI headline collector (trigger: interval[4:00:00], next run at: 2026-06-09 07:04:24 +08)" executed successfully
2026-06-09 03:05:47  INFO      __main__  ============================================================
2026-06-09 03:05:47  INFO      __main__  Sentiment pipeline starting
2026-06-09 03:05:47  INFO      __main__  Database : /Users/adammikail/Downloads/finbert/data/sentiment_pipeline.db
2026-06-09 03:05:47  INFO      __main__  News job : every 4h
2026-06-09 03:05:47  INFO      __main__  Price job: every 1h (market hours only)
2026-06-09 03:05:47  INFO      __main__  ============================================================
2026-06-09 03:05:47  DEBUG     src.storage.db_manager  Schema initialised (tables + indices)
2026-06-09 03:05:47  INFO      src.storage.db_manager  DatabaseManager initialised at /Users/adammikail/Downloads/finbert/data/sentiment_pipeline.db
2026-06-09 03:05:47  DEBUG     tzlocal  /etc/localtime found
2026-06-09 03:05:47  DEBUG     tzlocal  1 found:
 {'/etc/localtime is a symlink to': 'Asia/Singapore'}
2026-06-09 03:05:47  INFO      apscheduler.scheduler  Adding job tentatively -- it will be properly scheduled when the scheduler starts
2026-06-09 03:05:47  INFO      apscheduler.scheduler  Adding job tentatively -- it will be properly scheduled when the scheduler starts
2026-06-09 03:05:47  INFO      __main__  Scheduler started. Press Ctrl+C to stop.
2026-06-09 03:05:47  INFO      apscheduler.scheduler  Added job "NewsAPI headline collector" to job store "default"
2026-06-09 03:05:47  INFO      apscheduler.scheduler  Added job "yfinance OHLCV collector" to job store "default"
2026-06-09 03:05:47  INFO      apscheduler.scheduler  Scheduler started
2026-06-09 03:05:47  DEBUG     apscheduler.scheduler  Looking for jobs to run
2026-06-09 03:05:47  INFO      apscheduler.executors.default  Running job "NewsAPI headline collector (trigger: interval[4:00:00], next run at: 2026-06-08 19:05:47 UTC)" (scheduled at 2026-06-08 19:05:47.784676+00:00)
2026-06-09 03:05:47  INFO      __main__  ── news_job starting (2026-06-08T19:05:47Z) ──
2026-06-09 03:05:47  WARNING   src.collectors.news_fetcher  NEWSAPI_KEY not set — skipping news fetch. Set it with: export NEWSAPI_KEY=your_key
2026-06-09 03:05:47  DEBUG     apscheduler.scheduler  Next wakeup is due at 2026-06-08 20:05:47.784769+00:00 (in 3599.999433 seconds)
2026-06-09 03:05:47  INFO      apscheduler.executors.default  Running job "yfinance OHLCV collector (trigger: interval[1:00:00], next run at: 2026-06-09 04:05:47 +08)" (scheduled at 2026-06-08 19:05:47.784769+00:00)
2026-06-09 03:05:47  INFO      __main__  ── price_job starting (2026-06-08T19:05:47Z) ──
2026-06-09 03:05:47  INFO      src.collectors.market_data  Fetching OHLCV for ['AAPL', 'TSLA', 'SPY'] from 2026-05-26 to 2026-06-10
2026-06-09 03:05:47  INFO      __main__  news_job done — 0 inserted, 0 skipped
2026-06-09 03:05:47  INFO      apscheduler.executors.default  Job "NewsAPI headline collector (trigger: interval[4:00:00], next run at: 2026-06-09 07:05:47 +08)" executed successfully
2026-06-09 03:05:49  INFO      src.collectors.market_data  Price fetch complete — 30 records
2026-06-09 03:05:49  DEBUG     src.storage.db_manager  Prices: 30 inserted, 0 skipped (duplicates)
2026-06-09 03:05:49  INFO      __main__  price_job done — 30 inserted, 0 skipped
2026-06-09 03:05:49  INFO      apscheduler.executors.default  Job "yfinance OHLCV collector (trigger: interval[1:00:00], next run at: 2026-06-09 04:05:47 +08)" executed successfully
2026-06-09 03:10:37  INFO      __main__  Scheduler stopped by user.
2026-06-09 03:10:37  INFO      apscheduler.scheduler  Scheduler has been shut down
2026-06-09 03:11:18  INFO      __main__  ============================================================
2026-06-09 03:11:18  INFO      __main__  Sentiment pipeline starting
2026-06-09 03:11:18  INFO      __main__  Database : /Users/adammikail/Downloads/finbert/data/sentiment_pipeline.db
2026-06-09 03:11:18  INFO      __main__  News job : every 4h
2026-06-09 03:11:18  INFO      __main__  Price job: every 1h (market hours only)
2026-06-09 03:11:18  INFO      __main__  ============================================================
2026-06-09 03:11:18  DEBUG     src.storage.db_manager  Schema initialised (tables + indices)
2026-06-09 03:11:18  INFO      src.storage.db_manager  DatabaseManager initialised at /Users/adammikail/Downloads/finbert/data/sentiment_pipeline.db
2026-06-09 03:11:18  DEBUG     tzlocal  /etc/localtime found
2026-06-09 03:11:18  DEBUG     tzlocal  1 found:
 {'/etc/localtime is a symlink to': 'Asia/Singapore'}
2026-06-09 03:11:18  INFO      apscheduler.scheduler  Adding job tentatively -- it will be properly scheduled when the scheduler starts
2026-06-09 03:11:18  INFO      apscheduler.scheduler  Adding job tentatively -- it will be properly scheduled when the scheduler starts
2026-06-09 03:11:18  INFO      __main__  Scheduler started. Press Ctrl+C to stop.
2026-06-09 03:11:18  INFO      apscheduler.scheduler  Added job "NewsAPI headline collector" to job store "default"
2026-06-09 03:11:18  INFO      apscheduler.scheduler  Added job "yfinance OHLCV collector" to job store "default"
2026-06-09 03:11:18  INFO      apscheduler.scheduler  Scheduler started
2026-06-09 03:11:18  DEBUG     apscheduler.scheduler  Looking for jobs to run
2026-06-09 03:11:18  INFO      apscheduler.executors.default  Running job "NewsAPI headline collector (trigger: interval[4:00:00], next run at: 2026-06-09 07:11:18 +08)" (scheduled at 2026-06-08 19:11:18.206045+00:00)
2026-06-09 03:11:18  DEBUG     apscheduler.scheduler  Next wakeup is due at 2026-06-08 20:11:18.206127+00:00 (in 3599.999599 seconds)
2026-06-09 03:11:18  INFO      apscheduler.executors.default  Running job "yfinance OHLCV collector (trigger: interval[1:00:00], next run at: 2026-06-09 04:11:18 +08)" (scheduled at 2026-06-08 19:11:18.206127+00:00)
2026-06-09 03:11:18  INFO      __main__  ── news_job starting (2026-06-08T19:11:18Z) ──
2026-06-09 03:11:18  INFO      __main__  ── price_job starting (2026-06-08T19:11:18Z) ──
2026-06-09 03:11:18  INFO      src.collectors.market_data  Fetching OHLCV for ['AAPL', 'TSLA', 'SPY'] from 2026-05-26 to 2026-06-10
2026-06-09 03:11:18  INFO      src.collectors.news_fetcher    AAPL: 8 headlines fetched
2026-06-09 03:12:14  INFO      __main__  ============================================================
2026-06-09 03:12:14  INFO      __main__  Sentiment pipeline starting
2026-06-09 03:12:14  INFO      __main__  Database : /Users/adammikail/Downloads/finbert/data/sentiment_pipeline.db
2026-06-09 03:12:14  INFO      __main__  News job : every 4h
2026-06-09 03:12:14  INFO      __main__  Price job: every 1h (market hours only)
2026-06-09 03:12:14  INFO      __main__  ============================================================
2026-06-09 03:12:14  DEBUG     src.storage.db_manager  Schema initialised (tables + indices)
2026-06-09 03:12:14  INFO      src.storage.db_manager  DatabaseManager initialised at /Users/adammikail/Downloads/finbert/data/sentiment_pipeline.db
2026-06-09 03:12:14  DEBUG     tzlocal  /etc/localtime found
2026-06-09 03:12:14  DEBUG     tzlocal  1 found:
 {'/etc/localtime is a symlink to': 'Asia/Singapore'}
2026-06-09 03:12:14  INFO      apscheduler.scheduler  Adding job tentatively -- it will be properly scheduled when the scheduler starts
2026-06-09 03:12:14  INFO      apscheduler.scheduler  Adding job tentatively -- it will be properly scheduled when the scheduler starts
2026-06-09 03:12:14  INFO      __main__  Scheduler started. Press Ctrl+C to stop.
2026-06-09 03:12:14  INFO      apscheduler.scheduler  Added job "NewsAPI headline collector" to job store "default"
2026-06-09 03:12:14  INFO      apscheduler.scheduler  Added job "yfinance OHLCV collector" to job store "default"
2026-06-09 03:12:14  INFO      apscheduler.scheduler  Scheduler started
2026-06-09 03:12:14  DEBUG     apscheduler.scheduler  Looking for jobs to run
2026-06-09 03:12:14  INFO      apscheduler.executors.default  Running job "NewsAPI headline collector (trigger: interval[4:00:00], next run at: 2026-06-08 19:12:14 UTC)" (scheduled at 2026-06-08 19:12:14.211003+00:00)
2026-06-09 03:12:14  INFO      __main__  ── news_job starting (2026-06-08T19:12:14Z) ──
2026-06-09 03:12:14  INFO      apscheduler.executors.default  Running job "yfinance OHLCV collector (trigger: interval[1:00:00], next run at: 2026-06-09 04:12:14 +08)" (scheduled at 2026-06-08 19:12:14.211092+00:00)
2026-06-09 03:12:14  INFO      __main__  ── price_job starting (2026-06-08T19:12:14Z) ──
2026-06-09 03:12:14  DEBUG     apscheduler.scheduler  Next wakeup is due at 2026-06-08 20:12:14.211092+00:00 (in 3599.999453 seconds)
2026-06-09 03:12:14  INFO      src.collectors.market_data  Fetching OHLCV for ['AAPL', 'TSLA', 'SPY'] from 2026-05-26 to 2026-06-10
2026-06-09 03:12:14  INFO      src.collectors.news_fetcher    AAPL: 8 headlines fetched
2026-06-09 03:12:14  INFO      src.collectors.news_fetcher    TSLA: 5 headlines fetched
2026-06-09 03:12:15  INFO      src.collectors.market_data  Price fetch complete — 30 records
2026-06-09 03:12:15  DEBUG     src.storage.db_manager  Prices: 0 inserted, 30 skipped (duplicates)
2026-06-09 03:12:15  INFO      __main__  price_job done — 0 inserted, 30 skipped
2026-06-09 03:12:15  INFO      apscheduler.executors.default  Job "yfinance OHLCV collector (trigger: interval[1:00:00], next run at: 2026-06-09 04:12:14 +08)" executed successfully
2026-06-09 03:12:15  INFO      src.collectors.news_fetcher    SPY: 15 headlines fetched
2026-06-09 03:12:15  INFO      src.collectors.news_fetcher  News fetch complete — 28 total records
2026-06-09 03:12:15  DEBUG     src.storage.db_manager  Headlines: 28 inserted, 0 skipped (duplicates)
2026-06-09 03:12:15  INFO      __main__  news_job done — 28 inserted, 0 skipped
2026-06-09 03:12:15  INFO      apscheduler.executors.default  Job "NewsAPI headline collector (trigger: interval[4:00:00], next run at: 2026-06-09 07:12:14 +08)" executed successfully
2026-06-09 03:16:54  INFO      __main__  Scheduler stopped by user.
2026-06-09 03:16:54  INFO      apscheduler.scheduler  Scheduler has been shut down
